TN:
SF:src\router.ts
FN:20,(anonymous_0)
FN:31,(anonymous_1)
FNF:2
FNH:2
FNDA:4,(anonymous_0)
FNDA:5,(anonymous_1)
DA:1,2
DA:2,2
DA:3,2
DA:4,2
DA:6,2
DA:8,2
DA:9,2
DA:14,2
DA:20,4
DA:24,2
DA:31,5
DA:37,2
DA:42,2
DA:48,2
LF:14
LH:14
BRF:0
BRH:0
end_of_record
TN:
SF:src\server.ts
FN:7,connectDB
FN:26,(anonymous_2)
FNF:2
FNH:2
FNDA:3,connectDB
FNDA:1,(anonymous_2)
DA:1,2
DA:2,2
DA:3,2
DA:4,2
DA:7,2
DA:8,3
DA:9,3
DA:10,2
DA:14,1
DA:17,2
DA:18,2
DA:21,2
DA:24,2
DA:26,2
DA:27,1
DA:29,2
LF:16
LH:16
BRF:0
BRH:0
end_of_record
TN:
SF:src\config\db.ts
FNF:0
FNH:0
DA:2,2
DA:3,2
DA:4,2
DA:6,2
DA:11,2
LF:5
LH:5
BRF:0
BRH:0
end_of_record
TN:
SF:src\handlers\product.ts
FN:5,(anonymous_1)
FN:18,(anonymous_2)
FN:32,(anonymous_3)
FN:41,(anonymous_4)
FN:56,(anonymous_5)
FN:69,(anonymous_6)
FNF:6
FNH:6
FNDA:2,(anonymous_1)
FNDA:2,(anonymous_2)
FNDA:1,(anonymous_3)
FNDA:2,(anonymous_4)
FNDA:2,(anonymous_5)
FNDA:2,(anonymous_6)
DA:3,2
DA:5,2
DA:6,2
DA:7,2
DA:12,2
DA:14,0
DA:18,2
DA:19,2
DA:20,2
DA:21,2
DA:22,2
DA:23,2
DA:24,1
DA:28,1
DA:29,0
DA:32,2
DA:33,1
DA:34,1
DA:35,1
DA:37,0
DA:41,2
DA:42,2
DA:43,2
DA:44,2
DA:45,1
DA:51,1
DA:52,1
DA:53,1
DA:56,2
DA:57,2
DA:58,2
DA:59,2
DA:60,1
DA:64,1
DA:65,1
DA:66,1
DA:69,2
DA:70,2
DA:71,2
DA:72,2
DA:73,1
DA:77,1
DA:78,1
LF:43
LH:40
BRDA:23,0,0,1
BRDA:44,1,0,1
BRDA:59,2,0,1
BRDA:72,3,0,1
BRF:4
BRH:4
end_of_record
TN:
SF:src\middlewar\index.ts
FN:3,(anonymous_0)
FNF:1
FNH:1
FNDA:17,(anonymous_0)
DA:2,2
DA:3,2
DA:4,17
DA:5,17
DA:6,8
DA:9,9
LF:6
LH:6
BRDA:5,0,0,8
BRF:1
BRH:1
end_of_record
TN:
SF:src\models\Product.model.ts
FNF:0
FNH:0
DA:1,3
DA:7,3
DA:11,3
DA:15,3
DA:20,3
DA:24,3
LF:6
LH:6
BRF:0
BRH:0
end_of_record
